AH00558: apache2: Could not reliably determine the server's fully qualified domain name, using 172.18.0.4. Set the 'ServerName' directive globally to suppress this message
[Fri Dec 24 14:40:43.750985 2021] [mpm_prefork:notice] [pid 1] AH00163: Apache/2.4.38 (Debian) PHP/8.0.10 configured -- resuming normal operations
[Fri Dec 24 14:40:43.754495 2021] [core:notice] [pid 1] AH00094: Command line: 'apache2 -D FOREGROUND'
[Fri Dec 24 14:45:02.295500 2021] [mpm_prefork:notice] [pid 1] AH00170: caught SIGWINCH, shutting down gracefully
AH00558: apache2: Could not reliably determine the server's fully qualified domain name, using 172.18.0.5. Set the 'ServerName' directive globally to suppress this message
[Fri Dec 24 14:45:07.692763 2021] [mpm_prefork:notice] [pid 1] AH00163: Apache/2.4.38 (Debian) PHP/8.0.10 configured -- resuming normal operations
[Fri Dec 24 14:45:07.694226 2021] [core:notice] [pid 1] AH00094: Command line: 'apache2 -D FOREGROUND'
[Fri Dec 24 14:45:12.135469 2021] [autoindex:error] [pid 17] [client 172.18.0.1:62996] AH01276: Cannot serve directory /var/www/html/: No matching DirectoryIndex (index.php,index.html) found, and server-generated directory index forbidden by Options directive
[Fri Dec 24 14:45:13.293373 2021] [autoindex:error] [pid 17] [client 172.18.0.1:62996] AH01276: Cannot serve directory /var/www/html/: No matching DirectoryIndex (index.php,index.html) found, and server-generated directory index forbidden by Options directive
[Fri Dec 24 14:45:48.152045 2021] [autoindex:error] [pid 19] [client 172.18.0.1:62998] AH01276: Cannot serve directory /var/www/html/: No matching DirectoryIndex (index.php,index.html) found, and server-generated directory index forbidden by Options directive
[Fri Dec 24 14:45:49.404795 2021] [autoindex:error] [pid 19] [client 172.18.0.1:62998] AH01276: Cannot serve directory /var/www/html/: No matching DirectoryIndex (index.php,index.html) found, and server-generated directory index forbidden by Options directive
[Fri Dec 24 14:45:49.873563 2021] [autoindex:error] [pid 19] [client 172.18.0.1:62998] AH01276: Cannot serve directory /var/www/html/: No matching DirectoryIndex (index.php,index.html) found, and server-generated directory index forbidden by Options directive
[Fri Dec 24 14:45:50.299857 2021] [autoindex:error] [pid 19] [client 172.18.0.1:62998] AH01276: Cannot serve directory /var/www/html/: No matching DirectoryIndex (index.php,index.html) found, and server-generated directory index forbidden by Options directive
[Fri Dec 24 14:45:50.812532 2021] [autoindex:error] [pid 19] [client 172.18.0.1:62998] AH01276: Cannot serve directory /var/www/html/: No matching DirectoryIndex (index.php,index.html) found, and server-generated directory index forbidden by Options directive
[Fri Dec 24 14:45:51.444572 2021] [autoindex:error] [pid 19] [client 172.18.0.1:62998] AH01276: Cannot serve directory /var/www/html/: No matching DirectoryIndex (index.php,index.html) found, and server-generated directory index forbidden by Options directive
[Fri Dec 24 14:49:10.503426 2021] [autoindex:error] [pid 21] [client 172.18.0.1:63004] AH01276: Cannot serve directory /var/www/html/: No matching DirectoryIndex (index.php,index.html) found, and server-generated directory index forbidden by Options directive
[Fri Dec 24 14:49:11.521627 2021] [autoindex:error] [pid 21] [client 172.18.0.1:63004] AH01276: Cannot serve directory /var/www/html/: No matching DirectoryIndex (index.php,index.html) found, and server-generated directory index forbidden by Options directive
[Fri Dec 24 14:49:11.942446 2021] [autoindex:error] [pid 21] [client 172.18.0.1:63004] AH01276: Cannot serve directory /var/www/html/: No matching DirectoryIndex (index.php,index.html) found, and server-generated directory index forbidden by Options directive
[Fri Dec 24 14:49:12.392503 2021] [autoindex:error] [pid 21] [client 172.18.0.1:63004] AH01276: Cannot serve directory /var/www/html/: No matching DirectoryIndex (index.php,index.html) found, and server-generated directory index forbidden by Options directive
[Fri Dec 24 14:51:28.837608 2021] [mpm_prefork:notice] [pid 1] AH00170: caught SIGWINCH, shutting down gracefully
AH00112: Warning: DocumentRoot [/var/www/html/public] does not exist
AH00558: apache2: Could not reliably determine the server's fully qualified domain name, using 172.18.0.5. Set the 'ServerName' directive globally to suppress this message
[Fri Dec 24 14:51:34.843064 2021] [mpm_prefork:notice] [pid 1] AH00163: Apache/2.4.38 (Debian) PHP/8.0.10 configured -- resuming normal operations
[Fri Dec 24 14:51:34.846976 2021] [core:notice] [pid 1] AH00094: Command line: 'apache2 -D FOREGROUND'
[Fri Dec 24 14:53:15.847320 2021] [mpm_prefork:notice] [pid 1] AH00170: caught SIGWINCH, shutting down gracefully
AH00112: Warning: DocumentRoot [/var/www/html/public] does not exist
AH00558: apache2: Could not reliably determine the server's fully qualified domain name, using 172.18.0.5. Set the 'ServerName' directive globally to suppress this message
[Fri Dec 24 14:53:21.863646 2021] [mpm_prefork:notice] [pid 1] AH00163: Apache/2.4.38 (Debian) PHP/8.0.10 configured -- resuming normal operations
[Fri Dec 24 14:53:21.865648 2021] [core:notice] [pid 1] AH00094: Command line: 'apache2 -D FOREGROUND'
[Fri Dec 24 14:54:29.147308 2021] [mpm_prefork:notice] [pid 1] AH00170: caught SIGWINCH, shutting down gracefully
AH00112: Warning: DocumentRoot [/var/www/html/public] does not exist
AH00558: apache2: Could not reliably determine the server's fully qualified domain name, using 172.18.0.5. Set the 'ServerName' directive globally to suppress this message
[Fri Dec 24 14:54:34.841147 2021] [mpm_prefork:notice] [pid 1] AH00163: Apache/2.4.38 (Debian) PHP/8.0.10 configured -- resuming normal operations
[Fri Dec 24 14:54:34.843253 2021] [core:notice] [pid 1] AH00094: Command line: 'apache2 -D FOREGROUND'
[Fri Dec 24 14:56:12.648891 2021] [mpm_prefork:notice] [pid 1] AH00170: caught SIGWINCH, shutting down gracefully
AH00112: Warning: DocumentRoot [/var/www/html/public] does not exist
AH00558: apache2: Could not reliably determine the server's fully qualified domain name, using 172.20.0.5. Set the 'ServerName' directive globally to suppress this message
[Fri Dec 24 14:58:58.063584 2021] [mpm_prefork:notice] [pid 1] AH00163: Apache/2.4.38 (Debian) PHP/7.4.2 configured -- resuming normal operations
[Fri Dec 24 14:58:58.066786 2021] [core:notice] [pid 1] AH00094: Command line: 'apache2 -D FOREGROUND'
[Fri Dec 24 14:59:25.131489 2021] [mpm_prefork:notice] [pid 1] AH00170: caught SIGWINCH, shutting down gracefully
AH00558: apache2: Could not reliably determine the server's fully qualified domain name, using 172.20.0.4. Set the 'ServerName' directive globally to suppress this message
[Fri Dec 24 15:00:35.676877 2021] [mpm_prefork:notice] [pid 1] AH00163: Apache/2.4.38 (Debian) PHP/7.4.2 configured -- resuming normal operations
[Fri Dec 24 15:00:35.681536 2021] [core:notice] [pid 1] AH00094: Command line: 'apache2 -D FOREGROUND'
[Fri Dec 24 15:01:31.245376 2021] [mpm_prefork:notice] [pid 1] AH00170: caught SIGWINCH, shutting down gracefully
AH00558: apache2: Could not reliably determine the server's fully qualified domain name, using 172.20.0.5. Set the 'ServerName' directive globally to suppress this message
[Fri Dec 24 15:01:39.397329 2021] [mpm_prefork:notice] [pid 1] AH00163: Apache/2.4.38 (Debian) PHP/7.4.2 configured -- resuming normal operations
[Fri Dec 24 15:01:39.402991 2021] [core:notice] [pid 1] AH00094: Command line: 'apache2 -D FOREGROUND'
[Fri Dec 24 15:10:09.854476 2021] [mpm_prefork:notice] [pid 1] AH00170: caught SIGWINCH, shutting down gracefully
AH00558: apache2: Could not reliably determine the server's fully qualified domain name, using 172.20.0.4. Set the 'ServerName' directive globally to suppress this message
[Fri Dec 24 15:10:43.218031 2021] [mpm_prefork:notice] [pid 1] AH00163: Apache/2.4.38 (Debian) PHP/7.4.2 configured -- resuming normal operations
[Fri Dec 24 15:10:43.233016 2021] [core:notice] [pid 1] AH00094: Command line: 'apache2 -D FOREGROUND'
[Fri Dec 24 15:11:19.425950 2021] [mpm_prefork:notice] [pid 1] AH00170: caught SIGWINCH, shutting down gracefully
AH00112: Warning: DocumentRoot [/var/www/html/public] does not exist
AH00558: apache2: Could not reliably determine the server's fully qualified domain name, using 172.18.0.3. Set the 'ServerName' directive globally to suppress this message
[Fri Dec 24 15:15:15.718670 2021] [mpm_prefork:notice] [pid 1] AH00163: Apache/2.4.38 (Debian) PHP/8.0.10 configured -- resuming normal operations
[Fri Dec 24 15:15:15.726219 2021] [core:notice] [pid 1] AH00094: Command line: 'apache2 -D FOREGROUND'
[Fri Dec 24 15:15:42.235015 2021] [mpm_prefork:notice] [pid 1] AH00170: caught SIGWINCH, shutting down gracefully
AH00558: apache2: Could not reliably determine the server's fully qualified domain name, using 172.18.0.5. Set the 'ServerName' directive globally to suppress this message
[Fri Dec 24 15:16:05.633286 2021] [mpm_prefork:notice] [pid 1] AH00163: Apache/2.4.38 (Debian) PHP/7.4.2 configured -- resuming normal operations
[Fri Dec 24 15:16:05.635002 2021] [core:notice] [pid 1] AH00094: Command line: 'apache2 -D FOREGROUND'
[Fri Dec 24 15:16:18.994990 2021] [mpm_prefork:notice] [pid 1] AH00170: caught SIGWINCH, shutting down gracefully
AH00558: apache2: Could not reliably determine the server's fully qualified domain name, using 172.20.0.5. Set the 'ServerName' directive globally to suppress this message
[Fri Dec 24 15:19:29.543044 2021] [mpm_prefork:notice] [pid 1] AH00163: Apache/2.4.38 (Debian) PHP/8.0.10 configured -- resuming normal operations
[Fri Dec 24 15:19:29.544076 2021] [core:notice] [pid 1] AH00094: Command line: 'apache2 -D FOREGROUND'
[Fri Dec 24 15:21:06.611247 2021] [mpm_prefork:notice] [pid 1] AH00170: caught SIGWINCH, shutting down gracefully
AH00558: apache2: Could not reliably determine the server's fully qualified domain name, using 172.22.0.5. Set the 'ServerName' directive globally to suppress this message
[Fri Dec 24 15:22:41.235018 2021] [mpm_prefork:notice] [pid 1] AH00163: Apache/2.4.38 (Debian) PHP/8.0.10 configured -- resuming normal operations
[Fri Dec 24 15:22:41.236634 2021] [core:notice] [pid 1] AH00094: Command line: 'apache2 -D FOREGROUND'
[Fri Dec 24 15:24:02.286914 2021] [mpm_prefork:notice] [pid 1] AH00170: caught SIGWINCH, shutting down gracefully
AH00558: apache2: Could not reliably determine the server's fully qualified domain name, using 172.23.0.5. Set the 'ServerName' directive globally to suppress this message
[Fri Dec 24 15:25:44.063209 2021] [mpm_prefork:notice] [pid 1] AH00163: Apache/2.4.38 (Debian) PHP/8.0.10 configured -- resuming normal operations
[Fri Dec 24 15:25:44.064493 2021] [core:notice] [pid 1] AH00094: Command line: 'apache2 -D FOREGROUND'
[Fri Dec 24 16:11:41.725251 2021] [mpm_prefork:notice] [pid 1] AH00170: caught SIGWINCH, shutting down gracefully
AH00558: apache2: Could not reliably determine the server's fully qualified domain name, using 172.24.0.5. Set the 'ServerName' directive globally to suppress this message
[Fri Dec 24 16:13:24.795024 2021] [mpm_prefork:notice] [pid 1] AH00163: Apache/2.4.38 (Debian) PHP/8.0.10 configured -- resuming normal operations
[Fri Dec 24 16:13:24.797411 2021] [core:notice] [pid 1] AH00094: Command line: 'apache2 -D FOREGROUND'
[Fri Dec 24 16:13:38.504787 2021] [mpm_prefork:notice] [pid 1] AH00170: caught SIGWINCH, shutting down gracefully
AH00558: apache2: Could not reliably determine the server's fully qualified domain name, using 172.25.0.4. Set the 'ServerName' directive globally to suppress this message
[Fri Dec 24 16:15:43.268085 2021] [mpm_prefork:notice] [pid 1] AH00163: Apache/2.4.38 (Debian) PHP/8.0.10 configured -- resuming normal operations
[Fri Dec 24 16:15:43.269759 2021] [core:notice] [pid 1] AH00094: Command line: 'apache2 -D FOREGROUND'
[Fri Dec 24 16:15:57.417847 2021] [mpm_prefork:notice] [pid 1] AH00170: caught SIGWINCH, shutting down gracefully
AH00558: apache2: Could not reliably determine the server's fully qualified domain name, using 172.28.0.5. Set the 'ServerName' directive globally to suppress this message
[Fri Dec 24 16:18:24.595963 2021] [mpm_prefork:notice] [pid 1] AH00163: Apache/2.4.38 (Debian) PHP/8.0.10 configured -- resuming normal operations
[Fri Dec 24 16:18:24.599409 2021] [core:notice] [pid 1] AH00094: Command line: 'apache2 -D FOREGROUND'
[Fri Dec 24 16:18:35.456559 2021] [mpm_prefork:notice] [pid 1] AH00170: caught SIGWINCH, shutting down gracefully
AH00558: apache2: Could not reliably determine the server's fully qualified domain name, using 172.30.0.5. Set the 'ServerName' directive globally to suppress this message
[Fri Dec 24 16:22:08.872542 2021] [mpm_prefork:notice] [pid 1] AH00163: Apache/2.4.38 (Debian) PHP/8.0.10 configured -- resuming normal operations
[Fri Dec 24 16:22:08.875372 2021] [core:notice] [pid 1] AH00094: Command line: 'apache2 -D FOREGROUND'
[Fri Dec 24 16:22:22.174495 2021] [mpm_prefork:notice] [pid 1] AH00170: caught SIGWINCH, shutting down gracefully
AH00558: apache2: Could not reliably determine the server's fully qualified domain name, using 172.18.0.5. Set the 'ServerName' directive globally to suppress this message
[Fri Dec 24 16:46:47.098266 2021] [mpm_prefork:notice] [pid 1] AH00163: Apache/2.4.38 (Debian) PHP/8.0.10 configured -- resuming normal operations
[Fri Dec 24 16:46:47.099209 2021] [core:notice] [pid 1] AH00094: Command line: 'apache2 -D FOREGROUND'
[Fri Dec 24 16:47:36.237667 2021] [php:notice] [pid 20] [client 172.18.0.1:65166] 2021-12-24T16:47:36+00:00 [info] User Deprecated: Class "Shopware\\Core\\Framework\\Adapter\\Translation\\Translator" should implement method "Symfony\\Component\\Translation\\TranslatorBagInterface::getCatalogues()": Returns all catalogues of the instance.
[Fri Dec 24 16:47:36.239242 2021] [php:notice] [pid 20] [client 172.18.0.1:65166] 2021-12-24T16:47:36+00:00 [critical] Uncaught Exception: Could not connect to database. Message from SQL Server: An exception occurred in driver: SQLSTATE[HY000] [2002] php_network_getaddresses: getaddrinfo failed: Name or service not known
[Sat Dec 25 16:09:38.717520 2021] [mpm_prefork:notice] [pid 1] AH00170: caught SIGWINCH, shutting down gracefully
AH00558: apache2: Could not reliably determine the server's fully qualified domain name, using 172.19.0.5. Set the 'ServerName' directive globally to suppress this message
[Sat Dec 25 16:09:49.314457 2021] [mpm_prefork:notice] [pid 1] AH00163: Apache/2.4.38 (Debian) PHP/8.0.10 configured -- resuming normal operations
[Sat Dec 25 16:09:49.316300 2021] [core:notice] [pid 1] AH00094: Command line: 'apache2 -D FOREGROUND'
[Sat Dec 25 16:12:15.610152 2021] [php:notice] [pid 18] [client 172.19.0.1:65282] 2021-12-25T16:12:15+00:00 [critical] Uncaught Exception: Could not connect to database. Message from SQL Server: An exception occurred in driver: SQLSTATE[HY000] [2002] php_network_getaddresses: getaddrinfo failed: Name or service not known
[Sat Dec 25 16:18:56.735844 2021] [mpm_prefork:notice] [pid 1] AH00170: caught SIGWINCH, shutting down gracefully
AH00558: apache2: Could not reliably determine the server's fully qualified domain name, using 172.20.0.5. Set the 'ServerName' directive globally to suppress this message
[Sat Dec 25 16:19:07.108454 2021] [mpm_prefork:notice] [pid 1] AH00163: Apache/2.4.38 (Debian) PHP/8.0.10 configured -- resuming normal operations
[Sat Dec 25 16:19:07.109389 2021] [core:notice] [pid 1] AH00094: Command line: 'apache2 -D FOREGROUND'
[Sat Dec 25 16:19:29.142458 2021] [core:notice] [pid 1] AH00052: child pid 42 exit signal Interrupt (2)
[Sat Dec 25 16:49:51.483215 2021] [mpm_prefork:notice] [pid 1] AH00170: caught SIGWINCH, shutting down gracefully
AH00558: apache2: Could not reliably determine the server's fully qualified domain name, using 172.20.0.5. Set the 'ServerName' directive globally to suppress this message
[Sat Dec 25 16:50:28.659554 2021] [mpm_prefork:notice] [pid 1] AH00163: Apache/2.4.38 (Debian) PHP/8.0.10 configured -- resuming normal operations
[Sat Dec 25 16:50:28.660816 2021] [core:notice] [pid 1] AH00094: Command line: 'apache2 -D FOREGROUND'
[Sat Dec 25 17:01:16.762104 2021] [mpm_prefork:notice] [pid 1] AH00170: caught SIGWINCH, shutting down gracefully
AH00558: apache2: Could not reliably determine the server's fully qualified domain name, using 172.20.0.5. Set the 'ServerName' directive globally to suppress this message
[Sat Dec 25 17:01:49.955550 2021] [mpm_prefork:notice] [pid 1] AH00163: Apache/2.4.38 (Debian) PHP/8.0.10 configured -- resuming normal operations
[Sat Dec 25 17:01:49.956398 2021] [core:notice] [pid 1] AH00094: Command line: 'apache2 -D FOREGROUND'
[Sat Dec 25 17:05:21.618952 2021] [mpm_prefork:notice] [pid 1] AH00170: caught SIGWINCH, shutting down gracefully
AH00558: apache2: Could not reliably determine the server's fully qualified domain name, using 172.20.0.5. Set the 'ServerName' directive globally to suppress this message
[Sat Dec 25 17:05:31.638641 2021] [mpm_prefork:notice] [pid 1] AH00163: Apache/2.4.38 (Debian) PHP/8.0.10 configured -- resuming normal operations
[Sat Dec 25 17:05:31.640250 2021] [core:notice] [pid 1] AH00094: Command line: 'apache2 -D FOREGROUND'
[Sat Dec 25 17:09:36.772419 2021] [mpm_prefork:notice] [pid 1] AH00170: caught SIGWINCH, shutting down gracefully
AH00558: apache2: Could not reliably determine the server's fully qualified domain name, using 172.20.0.5. Set the 'ServerName' directive globally to suppress this message
[Sat Dec 25 17:09:44.691492 2021] [mpm_prefork:notice] [pid 1] AH00163: Apache/2.4.38 (Debian) PHP/8.0.10 configured -- resuming normal operations
[Sat Dec 25 17:09:44.693474 2021] [core:notice] [pid 1] AH00094: Command line: 'apache2 -D FOREGROUND'
[Sat Dec 25 17:10:52.255233 2021] [mpm_prefork:notice] [pid 1] AH00170: caught SIGWINCH, shutting down gracefully
AH00558: apache2: Could not reliably determine the server's fully qualified domain name, using 172.21.0.5. Set the 'ServerName' directive globally to suppress this message
[Sat Dec 25 17:11:00.133463 2021] [mpm_prefork:notice] [pid 1] AH00163: Apache/2.4.38 (Debian) PHP/8.0.10 configured -- resuming normal operations
[Sat Dec 25 17:11:00.134588 2021] [core:notice] [pid 1] AH00094: Command line: 'apache2 -D FOREGROUND'
[Sat Dec 25 17:11:33.970319 2021] [mpm_prefork:notice] [pid 1] AH00170: caught SIGWINCH, shutting down gracefully
AH00558: apache2: Could not reliably determine the server's fully qualified domain name, using 172.22.0.5. Set the 'ServerName' directive globally to suppress this message
[Sat Dec 25 17:12:01.055942 2021] [mpm_prefork:notice] [pid 1] AH00163: Apache/2.4.38 (Debian) PHP/8.0.10 configured -- resuming normal operations
[Sat Dec 25 17:12:01.056965 2021] [core:notice] [pid 1] AH00094: Command line: 'apache2 -D FOREGROUND'
[Sat Dec 25 17:20:35.091562 2021] [mpm_prefork:notice] [pid 1] AH00170: caught SIGWINCH, shutting down gracefully
AH00558: apache2: Could not reliably determine the server's fully qualified domain name, using 172.23.0.5. Set the 'ServerName' directive globally to suppress this message
[Sat Dec 25 17:23:16.391498 2021] [mpm_prefork:notice] [pid 1] AH00163: Apache/2.4.38 (Debian) PHP/8.0.10 configured -- resuming normal operations
[Sat Dec 25 17:23:16.392692 2021] [core:notice] [pid 1] AH00094: Command line: 'apache2 -D FOREGROUND'
[Sat Dec 25 17:24:34.599802 2021] [mpm_prefork:notice] [pid 1] AH00170: caught SIGWINCH, shutting down gracefully
AH00558: apache2: Could not reliably determine the server's fully qualified domain name, using 172.24.0.5. Set the 'ServerName' directive globally to suppress this message
[Sat Dec 25 17:24:50.973864 2021] [mpm_prefork:notice] [pid 1] AH00163: Apache/2.4.38 (Debian) PHP/8.0.10 configured -- resuming normal operations
[Sat Dec 25 17:24:50.974875 2021] [core:notice] [pid 1] AH00094: Command line: 'apache2 -D FOREGROUND'
[Sat Dec 25 17:37:22.590188 2021] [mpm_prefork:notice] [pid 1] AH00170: caught SIGWINCH, shutting down gracefully
AH00558: apache2: Could not reliably determine the server's fully qualified domain name, using 172.25.0.5. Set the 'ServerName' directive globally to suppress this message
[Sat Dec 25 17:37:31.700695 2021] [mpm_prefork:notice] [pid 1] AH00163: Apache/2.4.38 (Debian) PHP/8.0.10 configured -- resuming normal operations
[Sat Dec 25 17:37:31.701812 2021] [core:notice] [pid 1] AH00094: Command line: 'apache2 -D FOREGROUND'
[Sat Dec 25 17:39:56.216178 2021] [mpm_prefork:notice] [pid 1] AH00170: caught SIGWINCH, shutting down gracefully
AH00558: apache2: Could not reliably determine the server's fully qualified domain name, using 172.26.0.5. Set the 'ServerName' directive globally to suppress this message
[Sat Dec 25 17:40:04.469389 2021] [mpm_prefork:notice] [pid 1] AH00163: Apache/2.4.38 (Debian) PHP/8.0.10 configured -- resuming normal operations
[Sat Dec 25 17:40:04.470584 2021] [core:notice] [pid 1] AH00094: Command line: 'apache2 -D FOREGROUND'
[Sat Dec 25 17:40:46.596869 2021] [core:notice] [pid 1] AH00052: child pid 46 exit signal Interrupt (2)
